<?xml version="1.0" encoding="UTF-8"?>
<testsuite xmlns:xsi="http://www.w3.org/2001/XMLSchema-instance" xsi:noNamespaceSchemaLocation="https://maven.apache.org/surefire/maven-surefire-plugin/xsd/surefire-test-report.xsd" name="com.mycompany.app.AppTest" time="0.07" tests="1" errors="0" skipped="0" failures="0">
  <properties>
    <property name="java.specification.version" value="21"/>
    <property name="sun.cpu.isalist" value="amd64"/>
    <property name="sun.jnu.encoding" value="Cp1252"/>
    <property name="java.class.path" value="D:\DPA\Maven_project\my-app\target\test-classes;D:\DPA\Maven_project\my-app\target\classes;C:\Users\Shubhada\.m2\repository\junit\junit\4.11\junit-4.11.jar;C:\Users\Shubhada\.m2\repository\org\hamcrest\hamcrest-core\1.3\hamcrest-core-1.3.jar;"/>
    <property name="java.vm.vendor" value="Oracle Corporation"/>
    <property name="sun.arch.data.model" value="64"/>
    <property name="user.variant" value=""/>
    <property name="java.vendor.url" value="https://java.oracle.com/"/>
    <property name="user.timezone" value="Asia/Calcutta"/>
    <property name="os.name" value="Windows 11"/>
    <property name="java.vm.specification.version" value="21"/>
    <property name="sun.java.launcher" value="SUN_STANDARD"/>
    <property name="user.country" value="IN"/>
    <property name="sun.boot.library.path" value="C:\Program Files\Java\jdk-21\bin"/>
    <property name="sun.java.command" value="C:\Users\Shubhada\AppData\Local\Temp\surefire10721487808679783483\surefirebooter16368541617529118127.jar C:\Users\Shubhada\AppData\Local\Temp\surefire10721487808679783483 2024-05-22T17-32-01_599-jvmRun1 surefire14383307490808817396tmp surefire_09659002668316493648tmp"/>
    <property name="jdk.debug" value="release"/>
    <property name="surefire.test.class.path" value="D:\DPA\Maven_project\my-app\target\test-classes;D:\DPA\Maven_project\my-app\target\classes;C:\Users\Shubhada\.m2\repository\junit\junit\4.11\junit-4.11.jar;C:\Users\Shubhada\.m2\repository\org\hamcrest\hamcrest-core\1.3\hamcrest-core-1.3.jar;"/>
    <property name="sun.cpu.endian" value="little"/>
    <property name="user.home" value="C:\Users\Shubhada"/>
    <property name="user.language" value="en"/>
    <property name="java.specification.vendor" value="Oracle Corporation"/>
    <property name="java.version.date" value="2024-04-16"/>
    <property name="java.home" value="C:\Program Files\Java\jdk-21"/>
    <property name="file.separator" value="\"/>
    <property name="basedir" value="D:\DPA\Maven_project\my-app"/>
    <property name="java.vm.compressedOopsMode" value="32-bit"/>
    <property name="line.separator" value="&#10;"/>
    <property name="java.vm.specification.vendor" value="Oracle Corporation"/>
    <property name="java.specification.name" value="Java Platform API Specification"/>
    <property name="surefire.real.class.path" value="C:\Users\Shubhada\AppData\Local\Temp\surefire10721487808679783483\surefirebooter16368541617529118127.jar"/>
    <property name="user.script" value=""/>
    <property name="sun.management.compiler" value="HotSpot 64-Bit Tiered Compilers"/>
    <property name="java.runtime.version" value="21.0.3+7-LTS-152"/>
    <property name="user.name" value="Ritesh"/>
    <property name="stdout.encoding" value="Cp1252"/>
    <property name="path.separator" value=";"/>
    <property name="os.version" value="10.0"/>
    <property name="java.runtime.name" value="Java(TM) SE Runtime Environment"/>
    <property name="file.encoding" value="UTF-8"/>
    <property name="java.vm.name" value="Java HotSpot(TM) 64-Bit Server VM"/>
    <property name="localRepository" value="C:\Users\Shubhada\.m2\repository"/>
    <property name="java.vendor.url.bug" value="https://bugreport.java.com/bugreport/"/>
    <property name="java.io.tmpdir" value="C:\Users\Shubhada\AppData\Local\Temp\"/>
    <property name="java.version" value="21.0.3"/>
    <property name="user.dir" value="D:\DPA\Maven_project\my-app"/>
    <property name="os.arch" value="amd64"/>
    <property name="java.vm.specification.name" value="Java Virtual Machine Specification"/>
    <property name="sun.os.patch.level" value=""/>
    <property name="native.encoding" value="Cp1252"/>
    <property name="java.library.path" value="C:\Program Files\Java\jdk-21\bin;C:\WINDOWS\Sun\Java\bin;C:\WINDOWS\system32;C:\WINDOWS;C:\Program Files\Python310\Scripts\;C:\Program Files\Python310\;C:\Program Files\Common Files\Oracle\Java\javapath;C:\Users\Shubhada\AppData\Local\Programs\Python\Python310\Scripts\;C:\Users\Shubhada\AppData\Local\Programs\Python\Python310\;C:\ProgramData\Oracle\Java\javapath;C:\WINDOWS\system32;C:\WINDOWS;C:\WINDOWS\System32\Wbem;C:\WINDOWS\System32\WindowsPowerShell\v1.0\;C:\WINDOWS\System32\OpenSSH\;C:\MinGW\bin;C:\Users\Shubhada\AppData\Roaming\Microsoft\Windows\Start Menu\Programs\Python 3.8;C:\Program Files\dotnet\;C:\ProgramData\chocolatey\bin;C:\Program Files\Cloudflare\Cloudflare WARP\;C:\Program Files (x86)\GnuWin32\bin;C:\Program Files\MySQL\MySQL Server 8.0\bin;C:\Program Files\Git\cmd;C:\Program Files\nodejs\;C:\Users\Shubhada\Downloads\apache-maven-3.9.6\bin;C:\Program Files\MySQL\MySQL Shell 8.0\bin\;C:\Users\Shubhada\AppData\Local\ActiveState\StateTool\release\bin;C:\Users\Shubhada\AppData\Local\activestate\cache\bin;C:\Users\Shubhada\miniconda3;C:\Users\Shubhada\miniconda3\Library\mingw-w64\bin;C:\Users\Shubhada\miniconda3\Library\usr\bin;C:\Users\Shubhada\miniconda3\Library\bin;C:\Users\Shubhada\miniconda3\Scripts;C:\Users\Shubhada\AppData\Local\Programs\Python\Python38\Scripts\;C:\Users\Shubhada\AppData\Local\Programs\Python\Python38\;C:\Users\Shubhada\AppData\Local\Programs\Python\Python310\Scripts\;C:\Users\Shubhada\AppData\Local\Programs\Python\Python310\;C:\Users\Shubhada\AppData\Local\Microsoft\WindowsApps;C:\Users\Shubhada\AppData\Local\Programs\Microsoft VS Code\bin;C:\MinGW\bin;C:\Users\Shubhada\AppData\Roaming\npm;C:\Users\Shubhada\AppData\Local\GitHubDesktop\bin;C:\src\flutter_windows_3.16.5-stable\flutter\bin;C:\Users\Shubhada\Downloads\chromedriver-win32 (2)\chromedriver-win32;C:\Users\Shubhada\AppData\Roaming\Python\Python310\Scripts;;."/>
    <property name="java.vm.info" value="mixed mode, sharing"/>
    <property name="stderr.encoding" value="Cp1252"/>
    <property name="java.vendor" value="Oracle Corporation"/>
    <property name="java.vm.version" value="21.0.3+7-LTS-152"/>
    <property name="sun.io.unicode.encoding" value="UnicodeLittle"/>
    <property name="java.class.version" value="65.0"/>
  </properties>
  <testcase name="shouldAnswerWithTrue" classname="com.mycompany.app.AppTest" time="0.008"/>
</testsuite>